2024.07.02 08:32:03 INFO  Started: Metals version 1.3.2 in folders 'D:\University\Sem 3\Functional Programming\practical\FunctionalProgramming_Practicals\Practical 03' for client Visual Studio Code 1.90.2.
SLF4J(W): Class path contains multiple SLF4J providers.
SLF4J(W): Found provider [scribe.slf4j.ScribeServiceProvider@34fbc79a]
SLF4J(W): Found provider [ch.qos.logback.classic.spi.LogbackServiceProvider@1df139f8]
SLF4J(W): See https://www.slf4j.org/codes.html#multiple_bindings for an explanation.
SLF4J(I): Actual provider is of type [scribe.slf4j.ScribeServiceProvider@34fbc79a]
2024.07.02 08:32:03 WARN  Flyway upgrade recommended: H2 2.2.224 is newer than this version of Flyway and support has not been tested. The latest supported version of H2 is 2.2.220.
2024.07.02 08:32:08 INFO  Running List(C:\Users\USER\AppData\Local\Coursier\data\bin\scala-cli.BAT, setup-ide, D:\University\Sem 3\Functional Programming\practical\FunctionalProgramming_Practicals\Practical 03)
2024.07.02 08:32:08 INFO  Attempting to connect to the build server...
2024.07.02 08:32:08 INFO  Running BSP server List(C:\Users\USER\AppData\Local\Coursier\data\bin\.scala-cli.aux.exe, bsp, --json-options, D:\University\Sem 3\Functional Programming\practical\FunctionalProgramming_Practicals\Practical 03\.scala-build\ide-options-v2.json, --json-launcher-options, D:\University\Sem 3\Functional Programming\practical\FunctionalProgramming_Practicals\Practical 03\.scala-build\ide-launcher-options.json, --envs-file, D:\University\Sem 3\Functional Programming\practical\FunctionalProgramming_Practicals\Practical 03\.scala-build\ide-envs.json, D:\University\Sem 3\Functional Programming\practical\FunctionalProgramming_Practicals\Practical 03)
2024.07.02 08:32:08 INFO  tracing is disabled for protocol BSP, to enable tracing of incoming and outgoing JSON messages create an empty file at D:\University\Sem 3\Functional Programming\practical\FunctionalProgramming_Practicals\Practical 03\.metals\bsp.trace.json or C:\Users\USER\AppData\Local\scalameta\metals\cache\bsp.trace.json
2024.07.02 08:32:11 INFO  time: Connected to build server in 2.73s
2024.07.02 08:32:11 INFO  Connected to Build server: scala-cli v1.3.2
2024.07.02 08:32:11 INFO  time: Imported build in 0.17s
2024.07.02 08:32:11 INFO  compiling practical 03_53cb6fdf00 (4 scala sources)
2024.07.02 08:32:14 INFO  time: indexed workspace in 3.42s
2024.07.02 08:32:14 WARN  no build target for: D:\University\Sem 3\Functional Programming\practical\FunctionalProgramming_Practicals\Practical 03\1.scala
2024.07.02 08:32:15 INFO  no build target found for D:\University\Sem 3\Functional Programming\practical\FunctionalProgramming_Practicals\Practical 03\1.scala. Using presentation compiler with project's scala-library version: 3.3.3
2024.07.02 08:32:16 WARN  there was 1 deprecation warning; re-run with -deprecation for details
2024.07.02 08:32:18 INFO  time: code lens generation in 3.12s
2024.07.02 08:32:18 INFO  time: code lens generation in 3.27s
2024.07.02 08:32:27 INFO  no build target found for D:\University\Sem 3\Functional Programming\practical\FunctionalProgramming_Practicals\Practical 03\1.scala. Using presentation compiler with project's scala-library version: 3.3.3
2024.07.02 08:32:33 INFO  no build target found for D:\University\Sem 3\Functional Programming\practical\FunctionalProgramming_Practicals\Practical 03\1.scala. Using presentation compiler with project's scala-library version: 3.3.3
2024.07.02 08:37:03 INFO  no build target found for D:\University\Sem 3\Functional Programming\practical\FunctionalProgramming_Practicals\Practical 03\1.scala. Using presentation compiler with project's scala-library version: 3.3.3
2024.07.02 08:37:04 INFO  no build target found for D:\University\Sem 3\Functional Programming\practical\FunctionalProgramming_Practicals\Practical 03\2.scala. Using presentation compiler with project's scala-library version: 3.3.3
2024.07.02 08:37:04 INFO  no build target found for D:\University\Sem 3\Functional Programming\practical\FunctionalProgramming_Practicals\Practical 03\2.scala. Using presentation compiler with project's scala-library version: 3.3.3
2024.07.02 08:37:06 INFO  no build target found for D:\University\Sem 3\Functional Programming\practical\FunctionalProgramming_Practicals\Practical 03\3.scala. Using presentation compiler with project's scala-library version: 3.3.3
2024.07.02 08:37:06 INFO  no build target found for D:\University\Sem 3\Functional Programming\practical\FunctionalProgramming_Practicals\Practical 03\2.scala. Using presentation compiler with project's scala-library version: 3.3.3
2024.07.02 08:37:07 INFO  no build target found for D:\University\Sem 3\Functional Programming\practical\FunctionalProgramming_Practicals\Practical 03\4.scala. Using presentation compiler with project's scala-library version: 3.3.3
2024.07.02 08:37:07 INFO  no build target found for D:\University\Sem 3\Functional Programming\practical\FunctionalProgramming_Practicals\Practical 03\2.scala. Using presentation compiler with project's scala-library version: 3.3.3
2024.07.02 08:37:11 INFO  no build target found for D:\University\Sem 3\Functional Programming\practical\FunctionalProgramming_Practicals\Practical 03\2.scala. Using presentation compiler with project's scala-library version: 3.3.3
2024.07.02 08:37:12 INFO  no build target found for D:\University\Sem 3\Functional Programming\practical\FunctionalProgramming_Practicals\Practical 03\2.scala. Using presentation compiler with project's scala-library version: 3.3.3
2024.07.02 08:37:12 INFO  no build target found for D:\University\Sem 3\Functional Programming\practical\FunctionalProgramming_Practicals\Practical 03\2.scala. Using presentation compiler with project's scala-library version: 3.3.3
2024.07.02 08:37:15 INFO  no build target found for D:\University\Sem 3\Functional Programming\practical\FunctionalProgramming_Practicals\Practical 03\2.scala. Using presentation compiler with project's scala-library version: 3.3.3
2024.07.02 08:37:38 INFO  no build target found for D:\University\Sem 3\Functional Programming\practical\FunctionalProgramming_Practicals\Practical 03\2.scala. Using presentation compiler with project's scala-library version: 3.3.3
2024.07.02 08:40:45 INFO  no build target found for D:\University\Sem 3\Functional Programming\practical\FunctionalProgramming_Practicals\Practical 03\4.scala. Using presentation compiler with project's scala-library version: 3.3.3
2024.07.02 08:40:50 INFO  no build target found for D:\University\Sem 3\Functional Programming\practical\FunctionalProgramming_Practicals\Practical 03\4.scala. Using presentation compiler with project's scala-library version: 3.3.3
Jul 02, 2024 8:40:50 AM org.eclipse.lsp4j.jsonrpc.RemoteEndpoint handleCancellation
WARNING: Unmatched cancel notification for request id 70
2024.07.02 08:41:20 INFO  no build target found for D:\University\Sem 3\Functional Programming\practical\FunctionalProgramming_Practicals\Practical 03\1.scala. Using presentation compiler with project's scala-library version: 3.3.3
2024.07.02 08:41:37 INFO  no build target found for D:\University\Sem 3\Functional Programming\practical\FunctionalProgramming_Practicals\Practical 03\1.scala. Using presentation compiler with project's scala-library version: 3.3.3
2024.07.02 08:41:39 INFO  no build target found for D:\University\Sem 3\Functional Programming\practical\FunctionalProgramming_Practicals\Practical 03\1.scala. Using presentation compiler with project's scala-library version: 3.3.3
2024.07.02 08:41:46 INFO  no build target found for D:\University\Sem 3\Functional Programming\practical\FunctionalProgramming_Practicals\Practical 03\2.scala. Using presentation compiler with project's scala-library version: 3.3.3
2024.07.02 08:41:48 INFO  no build target found for D:\University\Sem 3\Functional Programming\practical\FunctionalProgramming_Practicals\Practical 03\2.scala. Using presentation compiler with project's scala-library version: 3.3.3
Jul 02, 2024 8:41:48 AM org.eclipse.lsp4j.jsonrpc.RemoteEndpoint handleCancellation
WARNING: Unmatched cancel notification for request id 90
2024.07.02 08:41:50 INFO  no build target found for D:\University\Sem 3\Functional Programming\practical\FunctionalProgramming_Practicals\Practical 03\1.scala. Using presentation compiler with project's scala-library version: 3.3.3
2024.07.02 08:41:58 INFO  no build target found for D:\University\Sem 3\Functional Programming\practical\FunctionalProgramming_Practicals\Practical 03\3.scala. Using presentation compiler with project's scala-library version: 3.3.3
2024.07.02 08:42:05 INFO  no build target found for D:\University\Sem 3\Functional Programming\practical\FunctionalProgramming_Practicals\Practical 03\3.scala. Using presentation compiler with project's scala-library version: 3.3.3
2024.07.02 08:42:05 INFO  no build target found for D:\University\Sem 3\Functional Programming\practical\FunctionalProgramming_Practicals\Practical 03\3.scala. Using presentation compiler with project's scala-library version: 3.3.3
2024.07.02 08:42:07 INFO  no build target found for D:\University\Sem 3\Functional Programming\practical\FunctionalProgramming_Practicals\Practical 03\3.scala. Using presentation compiler with project's scala-library version: 3.3.3
2024.07.02 08:42:07 INFO  no build target found for D:\University\Sem 3\Functional Programming\practical\FunctionalProgramming_Practicals\Practical 03\3.scala. Using presentation compiler with project's scala-library version: 3.3.3
2024.07.02 08:42:09 INFO  no build target found for D:\University\Sem 3\Functional Programming\practical\FunctionalProgramming_Practicals\Practical 03\3.scala. Using presentation compiler with project's scala-library version: 3.3.3
2024.07.02 08:42:11 INFO  no build target found for D:\University\Sem 3\Functional Programming\practical\FunctionalProgramming_Practicals\Practical 03\3.scala. Using presentation compiler with project's scala-library version: 3.3.3
2024.07.02 08:42:12 INFO  no build target found for D:\University\Sem 3\Functional Programming\practical\FunctionalProgramming_Practicals\Practical 03\3.scala. Using presentation compiler with project's scala-library version: 3.3.3
2024.07.02 08:42:12 INFO  no build target found for D:\University\Sem 3\Functional Programming\practical\FunctionalProgramming_Practicals\Practical 03\3.scala. Using presentation compiler with project's scala-library version: 3.3.3
2024.07.02 08:42:12 INFO  no build target found for D:\University\Sem 3\Functional Programming\practical\FunctionalProgramming_Practicals\Practical 03\3.scala. Using presentation compiler with project's scala-library version: 3.3.3
2024.07.02 08:42:12 INFO  no build target found for D:\University\Sem 3\Functional Programming\practical\FunctionalProgramming_Practicals\Practical 03\3.scala. Using presentation compiler with project's scala-library version: 3.3.3
Jul 02, 2024 8:42:13 AM org.eclipse.lsp4j.jsonrpc.RemoteEndpoint handleCancellation
WARNING: Unmatched cancel notification for request id 114
2024.07.02 08:42:14 INFO  no build target found for D:\University\Sem 3\Functional Programming\practical\FunctionalProgramming_Practicals\Practical 03\3.scala. Using presentation compiler with project's scala-library version: 3.3.3
2024.07.02 08:42:15 INFO  no build target found for D:\University\Sem 3\Functional Programming\practical\FunctionalProgramming_Practicals\Practical 03\3.scala. Using presentation compiler with project's scala-library version: 3.3.3
2024.07.02 08:42:15 INFO  no build target found for D:\University\Sem 3\Functional Programming\practical\FunctionalProgramming_Practicals\Practical 03\3.scala. Using presentation compiler with project's scala-library version: 3.3.3
2024.07.02 08:42:17 INFO  no build target found for D:\University\Sem 3\Functional Programming\practical\FunctionalProgramming_Practicals\Practical 03\3.scala. Using presentation compiler with project's scala-library version: 3.3.3
2024.07.02 08:42:18 INFO  no build target found for D:\University\Sem 3\Functional Programming\practical\FunctionalProgramming_Practicals\Practical 03\3.scala. Using presentation compiler with project's scala-library version: 3.3.3
2024.07.02 08:42:20 INFO  no build target found for D:\University\Sem 3\Functional Programming\practical\FunctionalProgramming_Practicals\Practical 03\3.scala. Using presentation compiler with project's scala-library version: 3.3.3
2024.07.02 08:42:20 INFO  no build target found for D:\University\Sem 3\Functional Programming\practical\FunctionalProgramming_Practicals\Practical 03\3.scala. Using presentation compiler with project's scala-library version: 3.3.3
2024.07.02 08:42:21 INFO  no build target found for D:\University\Sem 3\Functional Programming\practical\FunctionalProgramming_Practicals\Practical 03\3.scala. Using presentation compiler with project's scala-library version: 3.3.3
2024.07.02 08:42:21 INFO  no build target found for D:\University\Sem 3\Functional Programming\practical\FunctionalProgramming_Practicals\Practical 03\3.scala. Using presentation compiler with project's scala-library version: 3.3.3
2024.07.02 08:42:21 INFO  no build target found for D:\University\Sem 3\Functional Programming\practical\FunctionalProgramming_Practicals\Practical 03\3.scala. Using presentation compiler with project's scala-library version: 3.3.3
2024.07.02 08:42:23 INFO  no build target found for D:\University\Sem 3\Functional Programming\practical\FunctionalProgramming_Practicals\Practical 03\3.scala. Using presentation compiler with project's scala-library version: 3.3.3
2024.07.02 08:42:36 INFO  no build target found for D:\University\Sem 3\Functional Programming\practical\FunctionalProgramming_Practicals\Practical 03\3.scala. Using presentation compiler with project's scala-library version: 3.3.3
2024.07.02 08:42:36 INFO  no build target found for D:\University\Sem 3\Functional Programming\practical\FunctionalProgramming_Practicals\Practical 03\3.scala. Using presentation compiler with project's scala-library version: 3.3.3
2024.07.02 08:42:36 INFO  no build target found for D:\University\Sem 3\Functional Programming\practical\FunctionalProgramming_Practicals\Practical 03\3.scala. Using presentation compiler with project's scala-library version: 3.3.3
2024.07.02 08:42:37 INFO  no build target found for D:\University\Sem 3\Functional Programming\practical\FunctionalProgramming_Practicals\Practical 03\3.scala. Using presentation compiler with project's scala-library version: 3.3.3
2024.07.02 08:42:38 INFO  no build target found for D:\University\Sem 3\Functional Programming\practical\FunctionalProgramming_Practicals\Practical 03\3.scala. Using presentation compiler with project's scala-library version: 3.3.3
2024.07.02 08:42:38 INFO  no build target found for D:\University\Sem 3\Functional Programming\practical\FunctionalProgramming_Practicals\Practical 03\3.scala. Using presentation compiler with project's scala-library version: 3.3.3
2024.07.02 08:42:40 INFO  no build target found for D:\University\Sem 3\Functional Programming\practical\FunctionalProgramming_Practicals\Practical 03\3.scala. Using presentation compiler with project's scala-library version: 3.3.3
2024.07.02 08:42:40 INFO  no build target found for D:\University\Sem 3\Functional Programming\practical\FunctionalProgramming_Practicals\Practical 03\3.scala. Using presentation compiler with project's scala-library version: 3.3.3
2024.07.02 08:42:41 INFO  no build target found for D:\University\Sem 3\Functional Programming\practical\FunctionalProgramming_Practicals\Practical 03\3.scala. Using presentation compiler with project's scala-library version: 3.3.3
2024.07.02 08:42:42 INFO  no build target found for D:\University\Sem 3\Functional Programming\practical\FunctionalProgramming_Practicals\Practical 03\3.scala. Using presentation compiler with project's scala-library version: 3.3.3
2024.07.02 08:42:42 INFO  no build target found for D:\University\Sem 3\Functional Programming\practical\FunctionalProgramming_Practicals\Practical 03\3.scala. Using presentation compiler with project's scala-library version: 3.3.3
2024.07.02 08:42:43 INFO  no build target found for D:\University\Sem 3\Functional Programming\practical\FunctionalProgramming_Practicals\Practical 03\3.scala. Using presentation compiler with project's scala-library version: 3.3.3
2024.07.02 08:42:45 INFO  no build target found for D:\University\Sem 3\Functional Programming\practical\FunctionalProgramming_Practicals\Practical 03\3.scala. Using presentation compiler with project's scala-library version: 3.3.3
2024.07.02 08:42:45 INFO  no build target found for D:\University\Sem 3\Functional Programming\practical\FunctionalProgramming_Practicals\Practical 03\3.scala. Using presentation compiler with project's scala-library version: 3.3.3
2024.07.02 08:42:47 INFO  no build target found for D:\University\Sem 3\Functional Programming\practical\FunctionalProgramming_Practicals\Practical 03\3.scala. Using presentation compiler with project's scala-library version: 3.3.3
2024.07.02 08:42:49 INFO  no build target found for D:\University\Sem 3\Functional Programming\practical\FunctionalProgramming_Practicals\Practical 03\3.scala. Using presentation compiler with project's scala-library version: 3.3.3
2024.07.02 08:42:49 INFO  no build target found for D:\University\Sem 3\Functional Programming\practical\FunctionalProgramming_Practicals\Practical 03\3.scala. Using presentation compiler with project's scala-library version: 3.3.3
Jul 02, 2024 8:42:50 AM org.eclipse.lsp4j.jsonrpc.RemoteEndpoint handleCancellation
WARNING: Unmatched cancel notification for request id 148
2024.07.02 08:42:49 INFO  no build target found for D:\University\Sem 3\Functional Programming\practical\FunctionalProgramming_Practicals\Practical 03\3.scala. Using presentation compiler with project's scala-library version: 3.3.3
2024.07.02 08:42:51 INFO  no build target found for D:\University\Sem 3\Functional Programming\practical\FunctionalProgramming_Practicals\Practical 03\3.scala. Using presentation compiler with project's scala-library version: 3.3.3
Jul 02, 2024 8:42:51 AM org.eclipse.lsp4j.jsonrpc.RemoteEndpoint handleCancellation
WARNING: Unmatched cancel notification for request id 150
2024.07.02 08:42:51 INFO  no build target found for D:\University\Sem 3\Functional Programming\practical\FunctionalProgramming_Practicals\Practical 03\3.scala. Using presentation compiler with project's scala-library version: 3.3.3
2024.07.02 08:42:51 INFO  no build target found for D:\University\Sem 3\Functional Programming\practical\FunctionalProgramming_Practicals\Practical 03\3.scala. Using presentation compiler with project's scala-library version: 3.3.3
2024.07.02 08:42:53 INFO  no build target found for D:\University\Sem 3\Functional Programming\practical\FunctionalProgramming_Practicals\Practical 03\3.scala. Using presentation compiler with project's scala-library version: 3.3.3
2024.07.02 08:42:53 INFO  no build target found for D:\University\Sem 3\Functional Programming\practical\FunctionalProgramming_Practicals\Practical 03\3.scala. Using presentation compiler with project's scala-library version: 3.3.3
2024.07.02 08:42:54 INFO  no build target found for D:\University\Sem 3\Functional Programming\practical\FunctionalProgramming_Practicals\Practical 03\3.scala. Using presentation compiler with project's scala-library version: 3.3.3
2024.07.02 08:43:04 INFO  no build target found for D:\University\Sem 3\Functional Programming\practical\FunctionalProgramming_Practicals\Practical 03\3.scala. Using presentation compiler with project's scala-library version: 3.3.3
2024.07.02 08:43:07 INFO  no build target found for D:\University\Sem 3\Functional Programming\practical\FunctionalProgramming_Practicals\Practical 03\3.scala. Using presentation compiler with project's scala-library version: 3.3.3
2024.07.02 08:43:07 INFO  no build target found for D:\University\Sem 3\Functional Programming\practical\FunctionalProgramming_Practicals\Practical 03\3.scala. Using presentation compiler with project's scala-library version: 3.3.3
2024.07.02 08:43:09 INFO  no build target found for D:\University\Sem 3\Functional Programming\practical\FunctionalProgramming_Practicals\Practical 03\3.scala. Using presentation compiler with project's scala-library version: 3.3.3
2024.07.02 08:43:10 INFO  no build target found for D:\University\Sem 3\Functional Programming\practical\FunctionalProgramming_Practicals\Practical 03\3.scala. Using presentation compiler with project's scala-library version: 3.3.3
2024.07.02 08:43:10 INFO  no build target found for D:\University\Sem 3\Functional Programming\practical\FunctionalProgramming_Practicals\Practical 03\3.scala. Using presentation compiler with project's scala-library version: 3.3.3
2024.07.02 08:43:12 INFO  no build target found for D:\University\Sem 3\Functional Programming\practical\FunctionalProgramming_Practicals\Practical 03\3.scala. Using presentation compiler with project's scala-library version: 3.3.3
2024.07.02 08:43:12 INFO  no build target found for D:\University\Sem 3\Functional Programming\practical\FunctionalProgramming_Practicals\Practical 03\3.scala. Using presentation compiler with project's scala-library version: 3.3.3
2024.07.02 08:43:14 WARN  no build target for: D:\University\Sem 3\Functional Programming\practical\FunctionalProgramming_Practicals\Practical 03\3.scala
2024.07.02 08:43:15 INFO  no build target found for D:\University\Sem 3\Functional Programming\practical\FunctionalProgramming_Practicals\Practical 03\3.scala. Using presentation compiler with project's scala-library version: 3.3.3
2024.07.02 08:43:48 INFO  no build target found for D:\University\Sem 3\Functional Programming\practical\FunctionalProgramming_Practicals\Practical 03\3.scala. Using presentation compiler with project's scala-library version: 3.3.3
2024.07.02 08:43:49 INFO  no build target found for D:\University\Sem 3\Functional Programming\practical\FunctionalProgramming_Practicals\Practical 03\3.scala. Using presentation compiler with project's scala-library version: 3.3.3
2024.07.02 08:43:49 INFO  no build target found for D:\University\Sem 3\Functional Programming\practical\FunctionalProgramming_Practicals\Practical 03\3.scala. Using presentation compiler with project's scala-library version: 3.3.3
2024.07.02 08:43:49 INFO  no build target found for D:\University\Sem 3\Functional Programming\practical\FunctionalProgramming_Practicals\Practical 03\3.scala. Using presentation compiler with project's scala-library version: 3.3.3
2024.07.02 08:43:53 INFO  no build target found for D:\University\Sem 3\Functional Programming\practical\FunctionalProgramming_Practicals\Practical 03\3.scala. Using presentation compiler with project's scala-library version: 3.3.3
2024.07.02 08:43:53 INFO  no build target found for D:\University\Sem 3\Functional Programming\practical\FunctionalProgramming_Practicals\Practical 03\3.scala. Using presentation compiler with project's scala-library version: 3.3.3
2024.07.02 08:43:55 INFO  no build target found for D:\University\Sem 3\Functional Programming\practical\FunctionalProgramming_Practicals\Practical 03\3.scala. Using presentation compiler with project's scala-library version: 3.3.3
2024.07.02 08:43:55 INFO  no build target found for D:\University\Sem 3\Functional Programming\practical\FunctionalProgramming_Practicals\Practical 03\3.scala. Using presentation compiler with project's scala-library version: 3.3.3
2024.07.02 08:43:55 INFO  no build target found for D:\University\Sem 3\Functional Programming\practical\FunctionalProgramming_Practicals\Practical 03\3.scala. Using presentation compiler with project's scala-library version: 3.3.3
2024.07.02 08:43:56 INFO  no build target found for D:\University\Sem 3\Functional Programming\practical\FunctionalProgramming_Practicals\Practical 03\3.scala. Using presentation compiler with project's scala-library version: 3.3.3
2024.07.02 08:44:06 INFO  no build target found for D:\University\Sem 3\Functional Programming\practical\FunctionalProgramming_Practicals\Practical 03\3.scala. Using presentation compiler with project's scala-library version: 3.3.3
2024.07.02 08:44:07 INFO  no build target found for D:\University\Sem 3\Functional Programming\practical\FunctionalProgramming_Practicals\Practical 03\3.scala. Using presentation compiler with project's scala-library version: 3.3.3
2024.07.02 08:44:07 INFO  no build target found for D:\University\Sem 3\Functional Programming\practical\FunctionalProgramming_Practicals\Practical 03\3.scala. Using presentation compiler with project's scala-library version: 3.3.3
2024.07.02 08:44:10 INFO  no build target found for D:\University\Sem 3\Functional Programming\practical\FunctionalProgramming_Practicals\Practical 03\3.scala. Using presentation compiler with project's scala-library version: 3.3.3
2024.07.02 08:44:10 INFO  no build target found for D:\University\Sem 3\Functional Programming\practical\FunctionalProgramming_Practicals\Practical 03\3.scala. Using presentation compiler with project's scala-library version: 3.3.3
2024.07.02 08:44:10 INFO  no build target found for D:\University\Sem 3\Functional Programming\practical\FunctionalProgramming_Practicals\Practical 03\3.scala. Using presentation compiler with project's scala-library version: 3.3.3
2024.07.02 08:44:12 INFO  no build target found for D:\University\Sem 3\Functional Programming\practical\FunctionalProgramming_Practicals\Practical 03\3.scala. Using presentation compiler with project's scala-library version: 3.3.3
2024.07.02 08:44:15 INFO  no build target found for D:\University\Sem 3\Functional Programming\practical\FunctionalProgramming_Practicals\Practical 03\3.scala. Using presentation compiler with project's scala-library version: 3.3.3
2024.07.02 08:44:15 INFO  no build target found for D:\University\Sem 3\Functional Programming\practical\FunctionalProgramming_Practicals\Practical 03\3.scala. Using presentation compiler with project's scala-library version: 3.3.3
2024.07.02 08:44:15 INFO  no build target found for D:\University\Sem 3\Functional Programming\practical\FunctionalProgramming_Practicals\Practical 03\3.scala. Using presentation compiler with project's scala-library version: 3.3.3
2024.07.02 08:44:19 INFO  no build target found for D:\University\Sem 3\Functional Programming\practical\FunctionalProgramming_Practicals\Practical 03\3.scala. Using presentation compiler with project's scala-library version: 3.3.3
2024.07.02 08:44:20 INFO  no build target found for D:\University\Sem 3\Functional Programming\practical\FunctionalProgramming_Practicals\Practical 03\3.scala. Using presentation compiler with project's scala-library version: 3.3.3
2024.07.02 08:44:22 INFO  no build target found for D:\University\Sem 3\Functional Programming\practical\FunctionalProgramming_Practicals\Practical 03\3.scala. Using presentation compiler with project's scala-library version: 3.3.3
2024.07.02 08:44:22 INFO  no build target found for D:\University\Sem 3\Functional Programming\practical\FunctionalProgramming_Practicals\Practical 03\3.scala. Using presentation compiler with project's scala-library version: 3.3.3
2024.07.02 08:44:22 INFO  no build target found for D:\University\Sem 3\Functional Programming\practical\FunctionalProgramming_Practicals\Practical 03\3.scala. Using presentation compiler with project's scala-library version: 3.3.3
2024.07.02 08:44:23 INFO  no build target found for D:\University\Sem 3\Functional Programming\practical\FunctionalProgramming_Practicals\Practical 03\3.scala. Using presentation compiler with project's scala-library version: 3.3.3
2024.07.02 08:44:23 INFO  no build target found for D:\University\Sem 3\Functional Programming\practical\FunctionalProgramming_Practicals\Practical 03\3.scala. Using presentation compiler with project's scala-library version: 3.3.3
2024.07.02 08:44:23 INFO  no build target found for D:\University\Sem 3\Functional Programming\practical\FunctionalProgramming_Practicals\Practical 03\3.scala. Using presentation compiler with project's scala-library version: 3.3.3
2024.07.02 08:44:24 INFO  no build target found for D:\University\Sem 3\Functional Programming\practical\FunctionalProgramming_Practicals\Practical 03\3.scala. Using presentation compiler with project's scala-library version: 3.3.3
2024.07.02 08:44:27 INFO  no build target found for D:\University\Sem 3\Functional Programming\practical\FunctionalProgramming_Practicals\Practical 03\3.scala. Using presentation compiler with project's scala-library version: 3.3.3
2024.07.02 08:44:28 INFO  no build target found for D:\University\Sem 3\Functional Programming\practical\FunctionalProgramming_Practicals\Practical 03\3.scala. Using presentation compiler with project's scala-library version: 3.3.3
2024.07.02 08:44:28 INFO  no build target found for D:\University\Sem 3\Functional Programming\practical\FunctionalProgramming_Practicals\Practical 03\3.scala. Using presentation compiler with project's scala-library version: 3.3.3
2024.07.02 08:44:28 INFO  no build target found for D:\University\Sem 3\Functional Programming\practical\FunctionalProgramming_Practicals\Practical 03\3.scala. Using presentation compiler with project's scala-library version: 3.3.3
2024.07.02 08:44:28 INFO  no build target found for D:\University\Sem 3\Functional Programming\practical\FunctionalProgramming_Practicals\Practical 03\3.scala. Using presentation compiler with project's scala-library version: 3.3.3
2024.07.02 08:44:28 INFO  no build target found for D:\University\Sem 3\Functional Programming\practical\FunctionalProgramming_Practicals\Practical 03\3.scala. Using presentation compiler with project's scala-library version: 3.3.3
2024.07.02 08:44:29 INFO  no build target found for D:\University\Sem 3\Functional Programming\practical\FunctionalProgramming_Practicals\Practical 03\3.scala. Using presentation compiler with project's scala-library version: 3.3.3
2024.07.02 08:44:28 INFO  no build target found for D:\University\Sem 3\Functional Programming\practical\FunctionalProgramming_Practicals\Practical 03\3.scala. Using presentation compiler with project's scala-library version: 3.3.3
2024.07.02 08:44:28 INFO  no build target found for D:\University\Sem 3\Functional Programming\practical\FunctionalProgramming_Practicals\Practical 03\3.scala. Using presentation compiler with project's scala-library version: 3.3.3
2024.07.02 08:44:29 INFO  no build target found for D:\University\Sem 3\Functional Programming\practical\FunctionalProgramming_Practicals\Practical 03\3.scala. Using presentation compiler with project's scala-library version: 3.3.3
2024.07.02 08:44:29 INFO  no build target found for D:\University\Sem 3\Functional Programming\practical\FunctionalProgramming_Practicals\Practical 03\3.scala. Using presentation compiler with project's scala-library version: 3.3.3
2024.07.02 08:44:30 INFO  no build target found for D:\University\Sem 3\Functional Programming\practical\FunctionalProgramming_Practicals\Practical 03\3.scala. Using presentation compiler with project's scala-library version: 3.3.3
2024.07.02 08:44:29 INFO  no build target found for D:\University\Sem 3\Functional Programming\practical\FunctionalProgramming_Practicals\Practical 03\3.scala. Using presentation compiler with project's scala-library version: 3.3.3
2024.07.02 08:44:30 INFO  no build target found for D:\University\Sem 3\Functional Programming\practical\FunctionalProgramming_Practicals\Practical 03\3.scala. Using presentation compiler with project's scala-library version: 3.3.3
2024.07.02 08:44:31 INFO  no build target found for D:\University\Sem 3\Functional Programming\practical\FunctionalProgramming_Practicals\Practical 03\3.scala. Using presentation compiler with project's scala-library version: 3.3.3
2024.07.02 08:44:31 INFO  no build target found for D:\University\Sem 3\Functional Programming\practical\FunctionalProgramming_Practicals\Practical 03\3.scala. Using presentation compiler with project's scala-library version: 3.3.3
2024.07.02 08:44:32 INFO  no build target found for D:\University\Sem 3\Functional Programming\practical\FunctionalProgramming_Practicals\Practical 03\3.scala. Using presentation compiler with project's scala-library version: 3.3.3
Jul 02, 2024 8:44:32 AM org.eclipse.lsp4j.jsonrpc.RemoteEndpoint handleCancellation
WARNING: Unmatched cancel notification for request id 244
2024.07.02 08:44:31 INFO  no build target found for D:\University\Sem 3\Functional Programming\practical\FunctionalProgramming_Practicals\Practical 03\3.scala. Using presentation compiler with project's scala-library version: 3.3.3
2024.07.02 08:44:32 INFO  no build target found for D:\University\Sem 3\Functional Programming\practical\FunctionalProgramming_Practicals\Practical 03\3.scala. Using presentation compiler with project's scala-library version: 3.3.3
2024.07.02 08:44:33 INFO  no build target found for D:\University\Sem 3\Functional Programming\practical\FunctionalProgramming_Practicals\Practical 03\3.scala. Using presentation compiler with project's scala-library version: 3.3.3
2024.07.02 08:44:33 INFO  no build target found for D:\University\Sem 3\Functional Programming\practical\FunctionalProgramming_Practicals\Practical 03\3.scala. Using presentation compiler with project's scala-library version: 3.3.3
2024.07.02 08:44:34 INFO  no build target found for D:\University\Sem 3\Functional Programming\practical\FunctionalProgramming_Practicals\Practical 03\3.scala. Using presentation compiler with project's scala-library version: 3.3.3
2024.07.02 08:44:34 INFO  no build target found for D:\University\Sem 3\Functional Programming\practical\FunctionalProgramming_Practicals\Practical 03\3.scala. Using presentation compiler with project's scala-library version: 3.3.3
2024.07.02 08:44:35 INFO  no build target found for D:\University\Sem 3\Functional Programming\practical\FunctionalProgramming_Practicals\Practical 03\3.scala. Using presentation compiler with project's scala-library version: 3.3.3
2024.07.02 08:44:35 INFO  no build target found for D:\University\Sem 3\Functional Programming\practical\FunctionalProgramming_Practicals\Practical 03\3.scala. Using presentation compiler with project's scala-library version: 3.3.3
2024.07.02 08:44:36 INFO  no build target found for D:\University\Sem 3\Functional Programming\practical\FunctionalProgramming_Practicals\Practical 03\3.scala. Using presentation compiler with project's scala-library version: 3.3.3
2024.07.02 08:44:35 INFO  no build target found for D:\University\Sem 3\Functional Programming\practical\FunctionalProgramming_Practicals\Practical 03\3.scala. Using presentation compiler with project's scala-library version: 3.3.3
2024.07.02 08:44:35 INFO  no build target found for D:\University\Sem 3\Functional Programming\practical\FunctionalProgramming_Practicals\Practical 03\3.scala. Using presentation compiler with project's scala-library version: 3.3.3
2024.07.02 08:44:36 INFO  no build target found for D:\University\Sem 3\Functional Programming\practical\FunctionalProgramming_Practicals\Practical 03\3.scala. Using presentation compiler with project's scala-library version: 3.3.3
2024.07.02 08:44:37 INFO  no build target found for D:\University\Sem 3\Functional Programming\practical\FunctionalProgramming_Practicals\Practical 03\3.scala. Using presentation compiler with project's scala-library version: 3.3.3
2024.07.02 08:44:37 INFO  no build target found for D:\University\Sem 3\Functional Programming\practical\FunctionalProgramming_Practicals\Practical 03\3.scala. Using presentation compiler with project's scala-library version: 3.3.3
2024.07.02 08:44:37 INFO  no build target found for D:\University\Sem 3\Functional Programming\practical\FunctionalProgramming_Practicals\Practical 03\3.scala. Using presentation compiler with project's scala-library version: 3.3.3
2024.07.02 08:44:41 WARN  no build target for: D:\University\Sem 3\Functional Programming\practical\FunctionalProgramming_Practicals\Practical 03\3.scala
2024.07.02 08:44:49 INFO  no build target found for D:\University\Sem 3\Functional Programming\practical\FunctionalProgramming_Practicals\Practical 03\3.scala. Using presentation compiler with project's scala-library version: 3.3.3
2024.07.02 08:44:49 INFO  no build target found for D:\University\Sem 3\Functional Programming\practical\FunctionalProgramming_Practicals\Practical 03\3.scala. Using presentation compiler with project's scala-library version: 3.3.3
2024.07.02 08:44:57 INFO  no build target found for D:\University\Sem 3\Functional Programming\practical\FunctionalProgramming_Practicals\Practical 03\3.scala. Using presentation compiler with project's scala-library version: 3.3.3
2024.07.02 08:44:59 INFO  no build target found for D:\University\Sem 3\Functional Programming\practical\FunctionalProgramming_Practicals\Practical 03\3.scala. Using presentation compiler with project's scala-library version: 3.3.3
2024.07.02 08:44:59 INFO  no build target found for D:\University\Sem 3\Functional Programming\practical\FunctionalProgramming_Practicals\Practical 03\3.scala. Using presentation compiler with project's scala-library version: 3.3.3
2024.07.02 08:44:59 INFO  no build target found for D:\University\Sem 3\Functional Programming\practical\FunctionalProgramming_Practicals\Practical 03\3.scala. Using presentation compiler with project's scala-library version: 3.3.3
2024.07.02 08:45:01 INFO  no build target found for D:\University\Sem 3\Functional Programming\practical\FunctionalProgramming_Practicals\Practical 03\3.scala. Using presentation compiler with project's scala-library version: 3.3.3
2024.07.02 08:45:13 INFO  no build target found for D:\University\Sem 3\Functional Programming\practical\FunctionalProgramming_Practicals\Practical 03\3.scala. Using presentation compiler with project's scala-library version: 3.3.3
2024.07.02 08:45:15 INFO  no build target found for D:\University\Sem 3\Functional Programming\practical\FunctionalProgramming_Practicals\Practical 03\3.scala. Using presentation compiler with project's scala-library version: 3.3.3
2024.07.02 08:45:15 INFO  no build target found for D:\University\Sem 3\Functional Programming\practical\FunctionalProgramming_Practicals\Practical 03\3.scala. Using presentation compiler with project's scala-library version: 3.3.3
2024.07.02 08:45:26 INFO  no build target found for D:\University\Sem 3\Functional Programming\practical\FunctionalProgramming_Practicals\Practical 03\3.scala. Using presentation compiler with project's scala-library version: 3.3.3
2024.07.02 08:45:31 INFO  no build target found for D:\University\Sem 3\Functional Programming\practical\FunctionalProgramming_Practicals\Practical 03\3.scala. Using presentation compiler with project's scala-library version: 3.3.3
2024.07.02 08:45:32 INFO  no build target found for D:\University\Sem 3\Functional Programming\practical\FunctionalProgramming_Practicals\Practical 03\3.scala. Using presentation compiler with project's scala-library version: 3.3.3
2024.07.02 08:45:32 INFO  no build target found for D:\University\Sem 3\Functional Programming\practical\FunctionalProgramming_Practicals\Practical 03\3.scala. Using presentation compiler with project's scala-library version: 3.3.3
2024.07.02 08:45:35 INFO  no build target found for D:\University\Sem 3\Functional Programming\practical\FunctionalProgramming_Practicals\Practical 03\3.scala. Using presentation compiler with project's scala-library version: 3.3.3
2024.07.02 08:45:41 INFO  no build target found for D:\University\Sem 3\Functional Programming\practical\FunctionalProgramming_Practicals\Practical 03\3.scala. Using presentation compiler with project's scala-library version: 3.3.3
2024.07.02 08:45:44 INFO  no build target found for D:\University\Sem 3\Functional Programming\practical\FunctionalProgramming_Practicals\Practical 03\3.scala. Using presentation compiler with project's scala-library version: 3.3.3
2024.07.02 08:45:44 INFO  no build target found for D:\University\Sem 3\Functional Programming\practical\FunctionalProgramming_Practicals\Practical 03\3.scala. Using presentation compiler with project's scala-library version: 3.3.3
2024.07.02 08:45:44 INFO  no build target found for D:\University\Sem 3\Functional Programming\practical\FunctionalProgramming_Practicals\Practical 03\3.scala. Using presentation compiler with project's scala-library version: 3.3.3
2024.07.02 08:45:45 INFO  no build target found for D:\University\Sem 3\Functional Programming\practical\FunctionalProgramming_Practicals\Practical 03\3.scala. Using presentation compiler with project's scala-library version: 3.3.3
2024.07.02 08:45:45 INFO  no build target found for D:\University\Sem 3\Functional Programming\practical\FunctionalProgramming_Practicals\Practical 03\3.scala. Using presentation compiler with project's scala-library version: 3.3.3
2024.07.02 08:45:48 WARN  no build target for: D:\University\Sem 3\Functional Programming\practical\FunctionalProgramming_Practicals\Practical 03\3.scala
2024.07.02 08:46:05 INFO  no build target found for D:\University\Sem 3\Functional Programming\practical\FunctionalProgramming_Practicals\Practical 03\3.scala. Using presentation compiler with project's scala-library version: 3.3.3
2024.07.02 08:46:05 INFO  no build target found for D:\University\Sem 3\Functional Programming\practical\FunctionalProgramming_Practicals\Practical 03\3.scala. Using presentation compiler with project's scala-library version: 3.3.3
2024.07.02 08:46:07 INFO  no build target found for D:\University\Sem 3\Functional Programming\practical\FunctionalProgramming_Practicals\Practical 03\3.scala. Using presentation compiler with project's scala-library version: 3.3.3
Jul 02, 2024 8:46:07 AM org.eclipse.lsp4j.jsonrpc.RemoteEndpoint handleCancellation
WARNING: Unmatched cancel notification for request id 324
2024.07.02 08:46:07 INFO  no build target found for D:\University\Sem 3\Functional Programming\practical\FunctionalProgramming_Practicals\Practical 03\3.scala. Using presentation compiler with project's scala-library version: 3.3.3
2024.07.02 08:46:08 INFO  no build target found for D:\University\Sem 3\Functional Programming\practical\FunctionalProgramming_Practicals\Practical 03\3.scala. Using presentation compiler with project's scala-library version: 3.3.3
2024.07.02 08:46:08 INFO  no build target found for D:\University\Sem 3\Functional Programming\practical\FunctionalProgramming_Practicals\Practical 03\3.scala. Using presentation compiler with project's scala-library version: 3.3.3
2024.07.02 08:46:10 WARN  no build target for: D:\University\Sem 3\Functional Programming\practical\FunctionalProgramming_Practicals\Practical 03\3.scala
2024.07.02 08:46:21 INFO  no build target found for D:\University\Sem 3\Functional Programming\practical\FunctionalProgramming_Practicals\Practical 03\3.scala. Using presentation compiler with project's scala-library version: 3.3.3
2024.07.02 08:46:21 INFO  no build target found for D:\University\Sem 3\Functional Programming\practical\FunctionalProgramming_Practicals\Practical 03\3.scala. Using presentation compiler with project's scala-library version: 3.3.3
2024.07.02 08:46:22 INFO  no build target found for D:\University\Sem 3\Functional Programming\practical\FunctionalProgramming_Practicals\Practical 03\3.scala. Using presentation compiler with project's scala-library version: 3.3.3
2024.07.02 08:46:22 INFO  no build target found for D:\University\Sem 3\Functional Programming\practical\FunctionalProgramming_Practicals\Practical 03\3.scala. Using presentation compiler with project's scala-library version: 3.3.3
2024.07.02 08:46:22 INFO  no build target found for D:\University\Sem 3\Functional Programming\practical\FunctionalProgramming_Practicals\Practical 03\3.scala. Using presentation compiler with project's scala-library version: 3.3.3
2024.07.02 08:46:24 INFO  no build target found for D:\University\Sem 3\Functional Programming\practical\FunctionalProgramming_Practicals\Practical 03\3.scala. Using presentation compiler with project's scala-library version: 3.3.3
2024.07.02 08:46:24 INFO  no build target found for D:\University\Sem 3\Functional Programming\practical\FunctionalProgramming_Practicals\Practical 03\3.scala. Using presentation compiler with project's scala-library version: 3.3.3
2024.07.02 08:46:26 INFO  no build target found for D:\University\Sem 3\Functional Programming\practical\FunctionalProgramming_Practicals\Practical 03\3.scala. Using presentation compiler with project's scala-library version: 3.3.3
2024.07.02 08:47:38 INFO  Shutting down server
2024.07.02 08:47:38 INFO  shutting down Metals
2024.07.02 08:47:38 INFO  Shut down connection with build server.
2024.07.02 08:47:38 INFO  Exiting server
2024.07.02 13:19:54 INFO  Started: Metals version 1.3.2 in folders 'D:\University\Sem 3\Functional Programming\practical\FunctionalProgramming_Practicals\Practical 03' for client Visual Studio Code 1.90.2.
SLF4J(W): Class path contains multiple SLF4J providers.
SLF4J(W): Found provider [scribe.slf4j.ScribeServiceProvider@3e53cb9e]
SLF4J(W): Found provider [ch.qos.logback.classic.spi.LogbackServiceProvider@385163e4]
SLF4J(W): See https://www.slf4j.org/codes.html#multiple_bindings for an explanation.
SLF4J(I): Actual provider is of type [scribe.slf4j.ScribeServiceProvider@3e53cb9e]
2024.07.02 13:19:55 WARN  Flyway upgrade recommended: H2 2.2.224 is newer than this version of Flyway and support has not been tested. The latest supported version of H2 is 2.2.220.
2024.07.02 13:19:56 INFO  Attempting to connect to the build server...
2024.07.02 13:19:56 INFO  Running BSP server List(C:\Users\USER\AppData\Local\Coursier\data\bin\.scala-cli.aux.exe, bsp, --json-options, D:\University\Sem 3\Functional Programming\practical\FunctionalProgramming_Practicals\Practical 03\.scala-build\ide-options-v2.json, --json-launcher-options, D:\University\Sem 3\Functional Programming\practical\FunctionalProgramming_Practicals\Practical 03\.scala-build\ide-launcher-options.json, --envs-file, D:\University\Sem 3\Functional Programming\practical\FunctionalProgramming_Practicals\Practical 03\.scala-build\ide-envs.json, D:\University\Sem 3\Functional Programming\practical\FunctionalProgramming_Practicals\Practical 03)
2024.07.02 13:19:56 INFO  tracing is disabled for protocol BSP, to enable tracing of incoming and outgoing JSON messages create an empty file at D:\University\Sem 3\Functional Programming\practical\FunctionalProgramming_Practicals\Practical 03\.metals\bsp.trace.json or C:\Users\USER\AppData\Local\scalameta\metals\cache\bsp.trace.json
2024.07.02 13:19:58 INFO  BSP server: Starting compilation server
2024.07.02 13:20:02 INFO  time: Connected to build server in 5.2s
2024.07.02 13:20:02 INFO  Connected to Build server: scala-cli v1.3.2
2024.07.02 13:20:02 INFO  time: Imported build in 0.13s
2024.07.02 13:20:02 INFO  compiling practical 03_53cb6fdf00 (1 scala source)
2024.07.02 13:20:03 INFO  time: indexed workspace in 1.26s
2024.07.02 13:20:03 WARN  no build target for: D:\University\Sem 3\Functional Programming\practical\FunctionalProgramming_Practicals\Practical 03\3.scala
2024.07.02 13:20:03 INFO  no build target found for D:\University\Sem 3\Functional Programming\practical\FunctionalProgramming_Practicals\Practical 03\3.scala. Using presentation compiler with project's scala-library version: 3.3.3
2024.07.02 13:20:07 INFO  time: code lens generation in 3.19s
2024.07.02 13:20:07 INFO  time: code lens generation in 3.44s
2024.07.02 13:20:31 INFO  Shutting down server
2024.07.02 13:20:31 INFO  shutting down Metals
2024.07.02 13:20:31 INFO  Shut down connection with build server.
2024.07.02 13:20:31 INFO  Exiting server
2024.07.08 06:01:33 INFO  Started: Metals version 1.3.2 in folders 'D:\University\Sem 3\Functional Programming\practical\FunctionalProgramming_Practicals\Practical 03' for client Visual Studio Code 1.91.0.
SLF4J(W): Class path contains multiple SLF4J providers.
SLF4J(W): Found provider [scribe.slf4j.ScribeServiceProvider@12415a8e]
SLF4J(W): Found provider [ch.qos.logback.classic.spi.LogbackServiceProvider@68de7497]
SLF4J(W): See https://www.slf4j.org/codes.html#multiple_bindings for an explanation.
SLF4J(I): Actual provider is of type [scribe.slf4j.ScribeServiceProvider@12415a8e]
2024.07.08 06:01:35 WARN  Flyway upgrade recommended: H2 2.2.224 is newer than this version of Flyway and support has not been tested. The latest supported version of H2 is 2.2.220.
2024.07.08 06:01:37 INFO  no build target found for D:\University\Sem 3\Functional Programming\practical\FunctionalProgramming_Practicals\Practical 03\3.scala. Using presentation compiler with project's scala-library version: 3.3.3
2024.07.08 06:01:38 INFO  Attempting to connect to the build server...
2024.07.08 06:01:38 INFO  Running BSP server List(C:\Users\USER\AppData\Local\Coursier\data\bin\.scala-cli.aux.exe, bsp, --json-options, D:\University\Sem 3\Functional Programming\practical\FunctionalProgramming_Practicals\Practical 03\.scala-build\ide-options-v2.json, --json-launcher-options, D:\University\Sem 3\Functional Programming\practical\FunctionalProgramming_Practicals\Practical 03\.scala-build\ide-launcher-options.json, --envs-file, D:\University\Sem 3\Functional Programming\practical\FunctionalProgramming_Practicals\Practical 03\.scala-build\ide-envs.json, D:\University\Sem 3\Functional Programming\practical\FunctionalProgramming_Practicals\Practical 03)
2024.07.08 06:01:38 INFO  tracing is disabled for protocol BSP, to enable tracing of incoming and outgoing JSON messages create an empty file at D:\University\Sem 3\Functional Programming\practical\FunctionalProgramming_Practicals\Practical 03\.metals\bsp.trace.json or C:\Users\USER\AppData\Local\scalameta\metals\cache\bsp.trace.json
2024.07.08 06:01:48 INFO  no build target found for D:\University\Sem 3\Functional Programming\practical\FunctionalProgramming_Practicals\Practical 03\3.scala. Using presentation compiler with project's scala-library version: 3.3.3
2024.07.08 06:01:48 INFO  no build target found for D:\University\Sem 3\Functional Programming\practical\FunctionalProgramming_Practicals\Practical 03\3.scala. Using presentation compiler with project's scala-library version: 3.3.3
2024.07.08 06:01:48 INFO  no build target found for D:\University\Sem 3\Functional Programming\practical\FunctionalProgramming_Practicals\Practical 03\3.scala. Using presentation compiler with project's scala-library version: 3.3.3
2024.07.08 06:01:49 WARN  no build target for: D:\University\Sem 3\Functional Programming\practical\FunctionalProgramming_Practicals\Practical 03\3.scala
2024.07.08 06:01:48 INFO  no build target found for D:\University\Sem 3\Functional Programming\practical\FunctionalProgramming_Practicals\Practical 03\3.scala. Using presentation compiler with project's scala-library version: 3.3.3
2024.07.08 06:01:49 INFO  no build target found for D:\University\Sem 3\Functional Programming\practical\FunctionalProgramming_Practicals\Practical 03\3.scala. Using presentation compiler with project's scala-library version: 3.3.3
2024.07.08 06:01:50 INFO  no build target found for D:\University\Sem 3\Functional Programming\practical\FunctionalProgramming_Practicals\Practical 03\3.scala. Using presentation compiler with project's scala-library version: 3.3.3
2024.07.08 06:01:51 INFO  no build target found for D:\University\Sem 3\Functional Programming\practical\FunctionalProgramming_Practicals\Practical 03\3.scala. Using presentation compiler with project's scala-library version: 3.3.3
2024.07.08 06:01:51 INFO  no build target found for D:\University\Sem 3\Functional Programming\practical\FunctionalProgramming_Practicals\Practical 03\3.scala. Using presentation compiler with project's scala-library version: 3.3.3
2024.07.08 06:01:56 INFO  BSP server: Starting compilation server
2024.07.08 06:01:57 INFO  no build target found for D:\University\Sem 3\Functional Programming\practical\FunctionalProgramming_Practicals\Practical 03\3.scala. Using presentation compiler with project's scala-library version: 3.3.3
2024.07.08 06:02:10 INFO  time: Connected to build server in 32s
2024.07.08 06:02:10 INFO  Connected to Build server: scala-cli v1.3.2
2024.07.08 06:02:10 INFO  time: Imported build in 0.26s
2024.07.08 06:02:15 INFO  time: indexed workspace in 5.14s
2024.07.08 06:02:15 WARN  no build target for: D:\University\Sem 3\Functional Programming\practical\FunctionalProgramming_Practicals\Practical 03\1.scala
2024.07.08 06:02:15 WARN  no build target for: D:\University\Sem 3\Functional Programming\practical\FunctionalProgramming_Practicals\Practical 03\2.scala
2024.07.08 06:02:15 WARN  no build target for: D:\University\Sem 3\Functional Programming\practical\FunctionalProgramming_Practicals\Practical 03\4.scala
2024.07.08 06:02:15 WARN  no build target for: D:\University\Sem 3\Functional Programming\practical\FunctionalProgramming_Practicals\Practical 03\3.scala
2024.07.08 06:03:42 INFO  no build target found for D:\University\Sem 3\Functional Programming\practical\FunctionalProgramming_Practicals\Practical 03\2.scala. Using presentation compiler with project's scala-library version: 3.3.3
2024.07.08 06:03:43 INFO  no build target found for D:\University\Sem 3\Functional Programming\practical\FunctionalProgramming_Practicals\Practical 03\3.scala. Using presentation compiler with project's scala-library version: 3.3.3
2024.07.08 06:03:43 INFO  no build target found for D:\University\Sem 3\Functional Programming\practical\FunctionalProgramming_Practicals\Practical 03\4.scala. Using presentation compiler with project's scala-library version: 3.3.3
2024.07.08 06:03:43 INFO  time: code lens generation in 1.17s
2024.07.08 06:03:43 INFO  no build target found for D:\University\Sem 3\Functional Programming\practical\FunctionalProgramming_Practicals\Practical 03\1.scala. Using presentation compiler with project's scala-library version: 3.3.3
2024.07.08 06:03:43 INFO  time: code lens generation in 1.31s
2024.07.08 06:03:46 INFO  no build target found for D:\University\Sem 3\Functional Programming\practical\FunctionalProgramming_Practicals\Practical 03\3.scala. Using presentation compiler with project's scala-library version: 3.3.3
2024.07.08 06:03:49 INFO  no build target found for D:\University\Sem 3\Functional Programming\practical\FunctionalProgramming_Practicals\Practical 03\4.scala. Using presentation compiler with project's scala-library version: 3.3.3
2024.07.08 06:03:49 INFO  no build target found for D:\University\Sem 3\Functional Programming\practical\FunctionalProgramming_Practicals\Practical 03\4.scala. Using presentation compiler with project's scala-library version: 3.3.3
2024.07.08 06:03:50 INFO  no build target found for D:\University\Sem 3\Functional Programming\practical\FunctionalProgramming_Practicals\Practical 03\4.scala. Using presentation compiler with project's scala-library version: 3.3.3
2024.07.08 06:03:50 INFO  no build target found for D:\University\Sem 3\Functional Programming\practical\FunctionalProgramming_Practicals\Practical 03\4.scala. Using presentation compiler with project's scala-library version: 3.3.3
2024.07.08 06:03:56 INFO  no build target found for D:\University\Sem 3\Functional Programming\practical\FunctionalProgramming_Practicals\Practical 03\3.scala. Using presentation compiler with project's scala-library version: 3.3.3
2024.07.08 06:04:01 INFO  no build target found for D:\University\Sem 3\Functional Programming\practical\FunctionalProgramming_Practicals\Practical 03\3.scala. Using presentation compiler with project's scala-library version: 3.3.3
Jul 08, 2024 6:04:01 AM org.eclipse.lsp4j.jsonrpc.RemoteEndpoint handleCancellation
WARNING: Unmatched cancel notification for request id 40
2024.07.08 06:04:09 INFO  Shutting down server
2024.07.08 06:04:09 INFO  shutting down Metals
2024.07.08 06:04:09 INFO  Shut down connection with build server.
2024.07.08 06:04:10 INFO  Exiting server
