SLF4J(W): Class path contains multiple SLF4J providers.
SLF4J(W): Found provider [scribe.slf4j.ScribeServiceProvider@255873ab]
SLF4J(W): Found provider [ch.qos.logback.classic.spi.LogbackServiceProvider@207f9389]
SLF4J(W): See https://www.slf4j.org/codes.html#multiple_bindings for an explanation.
SLF4J(I): Actual provider is of type [scribe.slf4j.ScribeServiceProvider@255873ab]
2024.06.17 23:40:46 WARN  Flyway upgrade recommended: H2 2.2.224 is newer than this version of Flyway and support has not been tested. The latest supported version of H2 is 2.2.220.
2024.06.17 23:40:48 INFO  no build target found for D:\University\Sem 3\Functional Programming\practical\FunctionalProgramming_Practicals\Practical 01\5.scala. Using presentation compiler with project's scala-library version: 3.3.3
2024.06.17 23:40:48 INFO  no build target found for D:\University\Sem 3\Functional Programming\practical\FunctionalProgramming_Practicals\Practical 01\5.scala. Using presentation compiler with project's scala-library version: 3.3.3
2024.06.17 23:40:49 INFO  no build target found for D:\University\Sem 3\Functional Programming\practical\FunctionalProgramming_Practicals\Practical 01\5.scala. Using presentation compiler with project's scala-library version: 3.3.3
Jun 17, 2024 11:40:49 PM org.eclipse.lsp4j.jsonrpc.RemoteEndpoint handleCancellation
WARNING: Unmatched cancel notification for request id 2
Jun 17, 2024 11:40:49 PM org.eclipse.lsp4j.jsonrpc.RemoteEndpoint handleCancellation
WARNING: Unmatched cancel notification for request id 4
Jun 17, 2024 11:40:49 PM org.eclipse.lsp4j.jsonrpc.RemoteEndpoint handleCancellation
WARNING: Unmatched cancel notification for request id 7
Jun 17, 2024 11:40:49 PM org.eclipse.lsp4j.jsonrpc.RemoteEndpoint handleCancellation
WARNING: Unmatched cancel notification for request id 17
2024.06.17 23:40:49 INFO  no build target found for D:\University\Sem 3\Functional Programming\practical\FunctionalProgramming_Practicals\Practical 01\5.scala. Using presentation compiler with project's scala-library version: 3.3.3
2024.06.17 23:40:51 INFO  Running List(C:\Users\USER\AppData\Local\Coursier\data\bin\scala-cli.BAT, setup-ide, D:\University\Sem 3\Functional Programming\practical\FunctionalProgramming_Practicals)
2024.06.17 23:40:52 INFO  no build target found for D:\University\Sem 3\Functional Programming\practical\FunctionalProgramming_Practicals\Practical 01\5.scala. Using presentation compiler with project's scala-library version: 3.3.3
2024.06.17 23:40:52 INFO  Attempting to connect to the build server...
2024.06.17 23:40:52 INFO  Running BSP server List(C:\Users\USER\AppData\Local\Coursier\data\bin\.scala-cli.aux.exe, bsp, --json-options, D:\University\Sem 3\Functional Programming\practical\FunctionalProgramming_Practicals\.scala-build\ide-options-v2.json, --json-launcher-options, D:\University\Sem 3\Functional Programming\practical\FunctionalProgramming_Practicals\.scala-build\ide-launcher-options.json, --envs-file, D:\University\Sem 3\Functional Programming\practical\FunctionalProgramming_Practicals\.scala-build\ide-envs.json, D:\University\Sem 3\Functional Programming\practical\FunctionalProgramming_Practicals)
2024.06.17 23:40:52 INFO  tracing is disabled for protocol BSP, to enable tracing of incoming and outgoing JSON messages create an empty file at D:\University\Sem 3\Functional Programming\practical\FunctionalProgramming_Practicals\.metals\bsp.trace.json or C:\Users\USER\AppData\Local\scalameta\metals\cache\bsp.trace.json
2024.06.17 23:40:56 INFO  no build target found for D:\University\Sem 3\Functional Programming\practical\FunctionalProgramming_Practicals\Practical 01\5.scala. Using presentation compiler with project's scala-library version: 3.3.3
2024.06.17 23:40:56 INFO  time: Connected to build server in 4.7s
2024.06.17 23:40:56 INFO  Connected to Build server: scala-cli v1.3.2
2024.06.17 23:40:57 INFO  compiling functionalprogramming_practicals_53cb6fdf00 (5 scala sources)
2024.06.17 23:40:58 INFO  time: compiled FunctionalProgramming_Practicals_53cb6fdf00 in 1.09s
2024.06.17 23:41:01 INFO  time: indexed workspace in 4.07s
2024.06.17 23:41:32 INFO  compiling functionalprogramming_practicals_53cb6fdf00 (1 scala source)
2024.06.17 23:41:32 INFO  time: compiled FunctionalProgramming_Practicals_53cb6fdf00 in 0.62s
